app/build/intermediates/manifest_merge_blame_file/debug/manifest-merger-blame-debug-report.txt
1<?xml version="1.0" encoding="utf-8"?>
2<manifest xmlns:android="http://schemas.android.com/apk/res/android"
3    package="com.bookmydoc"
4    android:versionCode="1"
5    android:versionName="1.0" >
6
7    <uses-sdk
8        android:minSdkVersion="21"
8-->src\main\AndroidManifest.xml
9        android:targetSdkVersion="32" />
9-->src\main\AndroidManifest.xml
10
11    <application
11-->src\main\AndroidManifest.xml:6:5-41:19
12        android:allowBackup="true"
12-->src\main\AndroidManifest.xml:7:9-35
13        android:appComponentFactory="androidx.core.app.CoreComponentFactory"
13-->[androidx.core:core:1.8.0] AndroidManifest.xml:24:18-86
14        android:dataExtractionRules="@xml/data_extraction_rules"
14-->src\main\AndroidManifest.xml:8:9-65
15        android:debuggable="true"
16        android:fullBackupContent="@xml/backup_rules"
16-->src\main\AndroidManifest.xml:9:9-54
17        android:icon="@mipmap/ic_launcher"
17-->src\main\AndroidManifest.xml:10:9-43
18        android:label="@string/app_name"
18-->src\main\AndroidManifest.xml:11:9-41
19        android:roundIcon="@mipmap/ic_launcher_round"
19-->src\main\AndroidManifest.xml:12:9-54
20        android:supportsRtl="true"
20-->src\main\AndroidManifest.xml:13:9-35
21        android:theme="@style/Theme.BookMyDoc" >
21-->src\main\AndroidManifest.xml:14:9-47
22        <activity
22-->src\main\AndroidManifest.xml:16:9-18:40
23            android:name="com.bookmydoc.WelcomeActivity"
23-->src\main\AndroidManifest.xml:17:13-44
24            android:exported="false" />
24-->src\main\AndroidManifest.xml:18:13-37
25        <activity
25-->src\main\AndroidManifest.xml:19:9-21:40
26            android:name="com.bookmydoc.RegisterActivity"
26-->src\main\AndroidManifest.xml:20:13-45
27            android:exported="false" />
27-->src\main\AndroidManifest.xml:21:13-37
28        <activity
28-->src\main\AndroidManifest.xml:22:9-24:40
29            android:name="com.bookmydoc.SplashActivity"
29-->src\main\AndroidManifest.xml:23:13-43
30            android:exported="false" />
30-->src\main\AndroidManifest.xml:24:13-37
31        <activity
31-->src\main\AndroidManifest.xml:25:9-27:40
32            android:name="com.bookmydoc.LoginActivity"
32-->src\main\AndroidManifest.xml:26:13-42
33            android:exported="false" />
33-->src\main\AndroidManifest.xml:27:13-37
34        <activity
34-->src\main\AndroidManifest.xml:28:9-36:20
35            android:name="com.bookmydoc.MainActivity"
35-->src\main\AndroidManifest.xml:29:13-41
36            android:exported="true" >
36-->src\main\AndroidManifest.xml:30:13-36
37            <intent-filter>
37-->src\main\AndroidManifest.xml:31:13-35:29
38                <action android:name="android.intent.action.MAIN" />
38-->src\main\AndroidManifest.xml:32:17-69
38-->src\main\AndroidManifest.xml:32:25-66
39
40                <category android:name="android.intent.category.LAUNCHER" />
40-->src\main\AndroidManifest.xml:34:17-77
40-->src\main\AndroidManifest.xml:34:27-74
41            </intent-filter>
42        </activity>
43
44        <meta-data
44-->src\main\AndroidManifest.xml:38:9-40:57
45            android:name="preloaded_fonts"
45-->src\main\AndroidManifest.xml:39:13-43
46            android:resource="@array/preloaded_fonts" />
46-->src\main\AndroidManifest.xml:40:13-54
47
48        <provider
48-->[androidx.emoji2:emoji2:1.2.0] AndroidManifest.xml:24:9-32:20
49            android:name="androidx.startup.InitializationProvider"
49-->[androidx.emoji2:emoji2:1.2.0] AndroidManifest.xml:25:13-67
50            android:authorities="com.bookmydoc.androidx-startup"
50-->[androidx.emoji2:emoji2:1.2.0] AndroidManifest.xml:26:13-68
51            android:exported="false" >
51-->[androidx.emoji2:emoji2:1.2.0] AndroidManifest.xml:27:13-37
52            <meta-data
52-->[androidx.emoji2:emoji2:1.2.0] AndroidManifest.xml:29:13-31:52
53                android:name="androidx.emoji2.text.EmojiCompatInitializer"
53-->[androidx.emoji2:emoji2:1.2.0] AndroidManifest.xml:30:17-75
54                android:value="androidx.startup" />
54-->[androidx.emoji2:emoji2:1.2.0] AndroidManifest.xml:31:17-49
55            <meta-data
55-->[androidx.lifecycle:lifecycle-process:2.4.1] AndroidManifest.xml:31:13-33:52
56                android:name="androidx.lifecycle.ProcessLifecycleInitializer"
56-->[androidx.lifecycle:lifecycle-process:2.4.1] AndroidManifest.xml:32:17-78
57                android:value="androidx.startup" />
57-->[androidx.lifecycle:lifecycle-process:2.4.1] AndroidManifest.xml:33:17-49
58        </provider>
59    </application>
60
61</manifest>